TN:
SF:src/components/Header.js
FN:10,(anonymous_0)
FN:15,(anonymous_1)
FN:86,(anonymous_2)
FN:93,(anonymous_3)
FNF:4
FNH:2
FNDA:2,(anonymous_0)
FNDA:2,(anonymous_1)
FNDA:0,(anonymous_2)
FNDA:0,(anonymous_3)
DA:10,1
DA:11,2
DA:13,2
DA:14,2
DA:15,2
DA:16,2
DA:18,2
DA:86,0
DA:93,0
LF:9
LH:7
BRDA:83,0,0,2
BRDA:83,0,1,0
BRF:2
BRH:1
end_of_record
TN:
SF:src/components/sum.js
FN:1,(anonymous_0)
FNF:1
FNH:1
FNDA:1,(anonymous_0)
DA:1,1
DA:2,1
DA:3,1
LF:3
LH:3
BRF:0
BRH:0
end_of_record
TN:
SF:src/utils/cartSlice.js
FN:10,(anonymous_0)
FN:13,(anonymous_1)
FN:16,(anonymous_2)
FNF:3
FNH:0
FNDA:0,(anonymous_0)
FNDA:0,(anonymous_1)
FNDA:0,(anonymous_2)
DA:3,1
DA:11,0
DA:14,0
DA:17,0
DA:22,1
LF:5
LH:2
BRF:0
BRH:0
end_of_record
TN:
SF:src/utils/constants.js
FNF:0
FNH:0
DA:2,1
DA:5,1
DA:8,1
DA:11,1
LF:4
LH:4
BRF:0
BRH:0
end_of_record
TN:
SF:src/utils/store.js
FNF:0
FNH:0
DA:5,1
LF:1
LH:1
BRF:0
BRH:0
end_of_record
TN:
SF:src/utils/useOnline.js
FN:3,(anonymous_0)
FN:5,(anonymous_1)
FN:6,(anonymous_2)
FN:9,(anonymous_3)
FNF:4
FNH:2
FNDA:2,(anonymous_0)
FNDA:2,(anonymous_1)
FNDA:0,(anonymous_2)
FNDA:0,(anonymous_3)
DA:3,1
DA:4,2
DA:5,2
DA:6,2
DA:7,0
DA:9,2
DA:10,0
DA:12,2
DA:13,2
DA:16,2
LF:10
LH:8
BRF:0
BRH:0
end_of_record
TN:
SF:src/utils/userContext.js
FNF:0
FNH:0
DA:3,1
LF:1
LH:1
BRF:0
BRH:0
end_of_record
