TN:
SF:src/components/Header.js
FN:17,(anonymous_0)
FN:23,(anonymous_1)
FN:44,(anonymous_2)
FN:66,(anonymous_3)
FN:73,(anonymous_4)
FN:83,(anonymous_5)
FN:88,(anonymous_6)
FN:92,(anonymous_7)
FN:133,(anonymous_8)
FN:161,(anonymous_9)
FN:170,(anonymous_10)
FN:190,(anonymous_11)
FN:207,(anonymous_12)
FN:216,(anonymous_13)
FNF:14
FNH:8
FNDA:8,(anonymous_0)
FNDA:8,(anonymous_1)
FNDA:2,(anonymous_2)
FNDA:0,(anonymous_3)
FNDA:1,(anonymous_4)
FNDA:0,(anonymous_5)
FNDA:0,(anonymous_6)
FNDA:5,(anonymous_7)
FNDA:32,(anonymous_8)
FNDA:1,(anonymous_9)
FNDA:1,(anonymous_10)
FNDA:0,(anonymous_11)
FNDA:0,(anonymous_12)
FNDA:0,(anonymous_13)
DA:17,1
DA:18,8
DA:19,8
DA:21,8
DA:22,8
DA:23,8
DA:25,8
DA:44,8
DA:45,2
DA:46,2
DA:47,2
DA:50,2
DA:51,2
DA:52,0
DA:53,0
DA:56,0
DA:57,0
DA:59,2
DA:60,2
DA:65,8
DA:67,0
DA:68,0
DA:69,0
DA:73,8
DA:74,1
DA:75,1
DA:76,1
DA:78,0
DA:83,8
DA:84,0
DA:88,8
DA:89,0
DA:92,8
DA:93,5
DA:94,2
DA:95,2
DA:98,8
DA:134,32
DA:162,1
DA:170,1
DA:191,0
DA:208,0
DA:216,0
LF:43
LH:30
BRDA:52,0,0,0
BRDA:52,0,1,0
BRDA:74,1,0,1
BRDA:74,1,1,0
BRDA:93,2,0,2
BRDA:93,2,1,3
BRDA:123,3,0,8
BRDA:123,3,1,8
BRDA:158,4,0,6
BRDA:158,4,1,2
BRDA:178,5,0,8
BRDA:178,5,1,0
BRDA:204,6,0,0
BRDA:204,6,1,0
BRF:14
BRH:8
end_of_record
TN:
SF:src/components/ScrollToTop.js
FN:4,(anonymous_0)
FN:7,(anonymous_1)
FN:8,(anonymous_2)
FN:18,(anonymous_3)
FN:23,(anonymous_4)
FNF:5
FNH:3
FNDA:8,(anonymous_0)
FNDA:5,(anonymous_1)
FNDA:0,(anonymous_2)
FNDA:5,(anonymous_3)
FNDA:0,(anonymous_4)
DA:4,1
DA:5,8
DA:7,8
DA:8,5
DA:9,0
DA:10,0
DA:12,0
DA:16,5
DA:18,5
DA:19,5
DA:23,8
DA:24,0
DA:30,8
LF:13
LH:9
BRDA:9,0,0,0
BRDA:9,0,1,0
BRDA:33,1,0,0
BRDA:33,1,1,8
BRF:4
BRH:1
end_of_record
TN:
SF:src/components/sum.js
FN:1,(anonymous_0)
FNF:1
FNH:1
FNDA:1,(anonymous_0)
DA:1,1
DA:2,1
DA:3,1
LF:3
LH:3
BRF:0
BRH:0
end_of_record
TN:
SF:src/utils/cartSlice.js
FN:10,(anonymous_0)
FN:13,(anonymous_1)
FN:25,(anonymous_2)
FN:27,(anonymous_3)
FN:33,(anonymous_4)
FN:35,(anonymous_5)
FN:41,(anonymous_6)
FN:43,(anonymous_7)
FN:49,(anonymous_8)
FNF:9
FNH:0
FNDA:0,(anonymous_0)
FNDA:0,(anonymous_1)
FNDA:0,(anonymous_2)
FNDA:0,(anonymous_3)
FNDA:0,(anonymous_4)
FNDA:0,(anonymous_5)
FNDA:0,(anonymous_6)
FNDA:0,(anonymous_7)
FNDA:0,(anonymous_8)
DA:3,1
DA:12,0
DA:13,0
DA:15,0
DA:16,0
DA:17,0
DA:18,0
DA:20,0
DA:23,0
DA:26,0
DA:27,0
DA:29,0
DA:30,0
DA:34,0
DA:35,0
DA:37,0
DA:38,0
DA:42,0
DA:43,0
DA:45,0
DA:46,0
DA:50,0
DA:61,1
LF:23
LH:2
BRDA:16,0,0,0
BRDA:16,0,1,0
BRDA:29,1,0,0
BRDA:29,1,1,0
BRDA:37,2,0,0
BRDA:37,2,1,0
BRDA:37,3,0,0
BRDA:37,3,1,0
BRDA:45,4,0,0
BRDA:45,4,1,0
BRF:10
BRH:0
end_of_record
TN:
SF:src/utils/constants.js
FNF:0
FNH:0
DA:2,1
DA:5,1
DA:8,1
DA:11,1
LF:4
LH:4
BRF:0
BRH:0
end_of_record
TN:
SF:src/utils/store.js
FN:29,(anonymous_0)
FNF:1
FNH:1
FNDA:1,(anonymous_0)
DA:16,1
DA:21,1
DA:25,1
DA:27,1
DA:29,1
DA:36,1
LF:6
LH:6
BRF:0
BRH:0
end_of_record
TN:
SF:src/utils/useOnline.js
FN:3,(anonymous_0)
FN:5,(anonymous_1)
FN:6,(anonymous_2)
FN:9,(anonymous_3)
FNF:4
FNH:2
FNDA:8,(anonymous_0)
FNDA:5,(anonymous_1)
FNDA:0,(anonymous_2)
FNDA:0,(anonymous_3)
DA:3,1
DA:4,8
DA:5,8
DA:6,5
DA:7,0
DA:9,5
DA:10,0
DA:12,5
DA:13,5
DA:16,8
LF:10
LH:8
BRF:0
BRH:0
end_of_record
TN:
SF:src/utils/userContext.js
FNF:0
FNH:0
DA:3,1
LF:1
LH:1
BRF:0
BRH:0
end_of_record
